Arguments: 
  C:\Program Files\nodejs\node.exe C:\Users\Anderson\AppData\Roaming\npm\node_modules\yarn\bin\yarn.js add webpack-dev-server

PATH: 
  C:\WINDOWS\system32;C:\WINDOWS;C:\WINDOWS\System32\Wbem;C:\WINDOWS\System32\WindowsPowerShell\v1.0\;C:\Program Files (x86)\ATI Technologies\ATI.ACE\Core-Static;C:\Program Files\nodejs\;C:\Program Files\Git\cmd;C:\Users\Anderson\AppData\Roaming\npm\node_modules\yarn\bin;C:\Users\Anderson\AppData\Roaming\npm;C:\Users\Anderson\AppData\Roaming\npm\node_modules\@mobiscroll\cli;C:\Users\Anderson\AppData\Roaming\npm\node_modules\@cloudflare\wrangler\node_modules\.bin;C:\Users\Anderson\AppData\Roaming\npm\node_modules\@cloudflare\wrangler;C:\Users\Anderson\AppData\Roaming\npm;C:\Users\Anderson\AppData\Local\Programs\Microsoft VS Code\bin;C:\Program Files\heroku\bin;C:\Users\Anderson\AppData\Roaming\npm;C:\Users\Anderson\AppData\Roaming\npm\node_modules\yarn\bin;C:\Users\Anderson\AppData\Roaming\npm\node_modules\@mobiscroll\cli;C:\Users\Anderson\AppData\Roaming\npm\node_modules\@cloudflare\wrangler;C:\Users\Anderson\AppData\Roaming\npm\node_modules\@cloudflare\wrangler\node_modules\.bin

Yarn version: 
  1.22.18

Node version: 
  16.14.2

Platform: 
  win32 x64

Trace: 
  Error: getaddrinfo ENOTFOUND registry.yarnpkg.com
      at GetAddrInfoReqWrap.onlookup [as oncomplete] (node:dns:71:26)

npm manifest: 
  {
    "name": "react-typescript-samples",
    "version": "1.0.0",
    "description": "Sample working with React,TypeScript and Webpack)",
    "main": "index.js",
    "scripts": {
      "test": "echo \"Error: no test specified\" && exit 1",
      "start": "webpack-dev-server --mode development --inline --hot --open",
      "build": "webpack --mode development"
    },
    "author": "",
    "license": "ISC",
    "devDependencies": {
      "@types/react": "^16.4.7",
      "@types/react-dom": "^16.0.6",
      "@types/react-redux": "^6.0.5",
      "@types/react-router-dom": "^4.3.0",
      "@types/toastr": "^2.1.35",
      "awesome-typescript-loader": "^5.2.0",
      "babel-core": "^6.26.3",
      "babel-preset-env": "^1.7.0",
      "css-loader": "^1.0.0",
      "file-loader": "^1.1.11",
      "html-webpack-plugin": "^3.2.0",
      "mini-css-extract-plugin": "^0.4.1",
      "style-loader": "^0.21.0",
      "url-loader": "^1.0.1",
      "webpack": "^4.16.2",
      "webpack-cli": "^3.1.0",
      "webpack-dev-server": "^3.1.5"
    },
      "dependencies": {
      "bootstrap": "^4.1.2",
      "lc-form-validation": "^1.0.0",
      "react": "^16.4.1",
      "react-dom": "^16.4.1",
      "react-redux": "^5.0.7",
      "react-router-dom": "^4.2.2",
      "react-router-redux": "^4.0.8",
      "redux": "^4.0.0",
      "redux-thunk": "^2.3.0",
      "toastr": "^2.1.4",
      "typescript": "^3.0.1"
    }}

yarn manifest: 
  No manifest

Lockfile: 
  No lockfile
